
******************************************************
TYPHON V 0.5.0 (exported)
******************************************************

###################################################
> PARAMETERS reading : main file (main.rpm)

#################################################
> PARAMETERS : parsing and initialization
* Project definition
. number of project zones      :  1
. number of coupling relations :  0
2D framework
STEADY computation (pseudo unsteady convergence)
* Definition of output parameters
  . file  1: TECPLOT format
    mesh definition type: SHARED
    mesh level output   : CURRENT
           data set type:CELL
Poursuite de la lecture des parametres ZONE
- mesh definition
  . mesh format : CGNS
  . mesh file   : expansion-10.cgns
- Definition of FCT environment
- Definition of Fluid Model
    Inviscid (Euler) equations
    Perfect Gas 'AIR'
- Definition of time integration parameters
  . time step defined by stability condition
  . EXPLICIT integration
- Definition of spatial numerical parameters
  numerical flux : HLLC
  approximate jacobian: HLL (constant waves)
  MUSCL second order extension: MUSCL-UNS
    limiter     : VANLEER
    post-limiter: NONE
- Definition des parametres de raffinememt automatique (AMR)
- Number of coupled zones
* Definition of Boundary Conditions (BOCO)
    family name WALL        : condition SYMMETRY
    family name INLET       : condition SUPERSONIC_INLET
    . parsing PI=1.E5
    . parsing TI=400.
    . parsing MACH=2.
    family name OUTLET      : condition SUPERSONIC_OUTLET
* Definition of  Connections
- Definition of Initial Conditions
  Parsing parameters for uniform initial conditions
- Probes definition
  no used-defined probe
- Definition des parametres optionnels
- Check parameters consistency and further initialization

#####################################
> MPI STRATEGY: preprocessing

###############################################
> INPUTS : mesh and boundary conditions

########################
> INITIALIZATION
* Initializing zones
* Computing mesh properties
* compute FACE connectivity
  . computing face and cell geometry...
  mesh information:
    min & max volume:  0.0000E+00 to 0.1305E-01
        total volume:  0.8500E+00
      gravity center:  0.6196E+00  0.1863E+00  0.0000E+00
* compute FACE colors
  . 6 colors
* Computing and Initializing connectivities of boundary conditions
- Grid
  connectivity :     143 total cells,      99 internal cells &    44 ghost (BC) cells
  connectivity :     216 total faces,     172 internal faces &    44 boundary faces
. initializing boundary data
  . initializing ghost cells for WALL
  . initializing ghost faces for INLET
  . initializing ghost faces for OUTLET
. initializing connections
* Computing initial conditions
. initializing and allocating fields
  initialization #  1
  > USER defined initialization
* Initializing boundary conditions
* Initializing BOCO history
* Initializing probes & monitors
> user initialization time:    0.5900E-02

#####################
> INTEGRATION
* CYCLE 1
  zone    1
     it  residuals  cfl_max    dt_min
     10  0.4128E+00    1.00  0.2522E-04
     20  0.3824E+00    1.00  0.2405E-04
     30  0.3077E+00    1.00  0.2279E-04
     40  0.2315E+00    1.00  0.2213E-04
     50  0.1729E+00    1.00  0.2194E-04
     60  0.1360E+00    1.00  0.2196E-04
     70  0.8091E-01    1.00  0.2208E-04
     80 -0.9291E-01    1.00  0.2206E-04
     90 -0.2580E+00    1.00  0.2200E-04
    100 -0.3956E+00    1.00  0.2189E-04
    110 -0.5206E+00    1.00  0.2189E-04
    120 -0.6275E+00    1.00  0.2188E-04
    130 -0.7210E+00    1.00  0.2188E-04
    140 -0.9110E+00    1.00  0.2188E-04
    150 -0.1188E+01    1.00  0.2190E-04
    160 -0.1484E+01    1.00  0.2190E-04
    170 -0.1685E+01    1.00  0.2190E-04
    180 -0.1941E+01    1.00  0.2189E-04
    190 -0.2043E+01    1.00  0.2189E-04
    200 -0.2167E+01    1.00  0.2189E-04
    210 -0.2311E+01    1.00  0.2189E-04
    220 -0.2443E+01    1.00  0.2189E-04
    227 -0.2555E+01    1.00  0.2189E-04
    integration completed in 227 iterations
    normalized walltime:   5.981 µs/cell/it (*ncpu)
  Residue in cycle =  -3.010
user  integration time:    0.1346E+00
CPU   integration time:    0.1340E+00
CPU average cycle time:    0.1340E+00
Total nb of iterations:     227
* write TECPLOT file: typhon
* write TYPHON file: restart

########################
> End of process
